<?xml version="1.0" encoding="UTF-8"?>
<coverage generated="1627648234489" clover="3.2.0">
  <project timestamp="1627648234490" name="All files">
    <metrics statements="19" coveredstatements="19" conditionals="0" coveredconditionals="0" methods="16" coveredmethods="12" elements="35" coveredelements="31" complexity="0" loc="19" ncloc="19" packages="1" files="2" classes="2"/>
    <file name="calc.js" path="C:\Projects\Javascript\blog-life\js-as-java\src\service\calc.js">
      <metrics statements="5" coveredstatements="5" conditionals="0" coveredconditionals="0" methods="4" coveredmethods="4"/>
      <line num="2" count="1" type="stmt"/>
      <line num="6" count="1" type="stmt"/>
      <line num="10" count="1" type="stmt"/>
      <line num="14" count="1" type="stmt"/>
      <line num="17" count="1" type="stmt"/>
    </file>
    <file name="calcapi.js" path="C:\Projects\Javascript\blog-life\js-as-java\src\service\calcapi.js">
      <metrics statements="14" coveredstatements="14" conditionals="0" coveredconditionals="0" methods="12" coveredmethods="8"/>
      <line num="1" count="1" type="stmt"/>
      <line num="4" count="1" type="stmt"/>
      <line num="5" count="1" type="stmt"/>
      <line num="6" count="1" type="stmt"/>
      <line num="10" count="1" type="stmt"/>
      <line num="11" count="1" type="stmt"/>
      <line num="12" count="1" type="stmt"/>
      <line num="16" count="1" type="stmt"/>
      <line num="17" count="1" type="stmt"/>
      <line num="18" count="1" type="stmt"/>
      <line num="22" count="1" type="stmt"/>
      <line num="23" count="1" type="stmt"/>
      <line num="24" count="1" type="stmt"/>
      <line num="27" count="1" type="stmt"/>
    </file>
  </project>
</coverage>
