TN:
SF:src\service\calc.js
FN:1,plus
FN:5,minus
FN:9,times
FN:13,divide
FNF:4
FNH:4
FNDA:1,plus
FNDA:1,minus
FNDA:1,times
FNDA:1,divide
DA:2,1
DA:6,1
DA:10,1
DA:14,1
DA:17,1
LF:5
LH:5
BRF:0
BRH:0
end_of_record
TN:
SF:src\service\calcapi.js
FN:3,plus
FN:5,(anonymous_1)
FN:5,(anonymous_2)
FN:9,minus
FN:11,(anonymous_4)
FN:11,(anonymous_5)
FN:15,times
FN:17,(anonymous_7)
FN:17,(anonymous_8)
FN:21,divide
FN:23,(anonymous_10)
FN:23,(anonymous_11)
FNF:12
FNH:8
FNDA:1,plus
FNDA:1,(anonymous_1)
FNDA:0,(anonymous_2)
FNDA:1,minus
FNDA:1,(anonymous_4)
FNDA:0,(anonymous_5)
FNDA:1,times
FNDA:1,(anonymous_7)
FNDA:0,(anonymous_8)
FNDA:1,divide
FNDA:1,(anonymous_10)
FNDA:0,(anonymous_11)
DA:1,1
DA:4,1
DA:5,1
DA:6,1
DA:10,1
DA:11,1
DA:12,1
DA:16,1
DA:17,1
DA:18,1
DA:22,1
DA:23,1
DA:24,1
DA:27,1
LF:14
LH:14
BRF:0
BRH:0
end_of_record
